SF:lib\main.dart
DA:4,0
DA:5,0
DA:9,2
DA:12,1
DA:14,1
DA:16,1
LF:6
LH:4
end_of_record
SF:lib\model\post_model.dart
DA:8,0
DA:10,0
DA:11,0
DA:12,0
DA:13,0
DA:14,0
DA:17,0
DA:18,0
DA:19,0
DA:20,0
DA:21,0
LF:11
LH:0
end_of_record
SF:lib\service\http_service.dart
DA:8,3
DA:21,1
DA:22,1
DA:23,2
DA:24,2
DA:25,2
DA:26,0
DA:31,0
DA:32,0
DA:33,0
DA:34,0
DA:35,0
DA:36,0
DA:37,0
DA:42,0
DA:43,0
DA:44,0
DA:45,0
DA:46,0
DA:47,0
DA:52,0
DA:53,0
DA:54,0
DA:55,0
DA:56,0
DA:57,0
DA:64,1
DA:65,1
DA:69,0
DA:70,0
DA:71,0
DA:72,0
DA:73,0
DA:74,0
DA:79,0
DA:80,0
DA:81,0
DA:82,0
DA:83,0
DA:84,0
DA:85,0
DA:92,0
DA:93,0
DA:94,0
LF:44
LH:8
end_of_record
SF:lib\service\log_service.dart
DA:5,3
DA:6,1
DA:7,1
DA:10,0
DA:11,0
DA:14,1
DA:15,2
DA:18,0
DA:19,0
DA:22,0
DA:23,0
LF:11
LH:5
end_of_record
SF:lib\pages\home_page.dart
DA:10,1
DA:12,1
DA:13,1
DA:21,1
DA:22,2
DA:23,1
DA:25,2
DA:26,2
DA:28,0
DA:30,2
DA:32,1
DA:36,0
DA:37,0
DA:38,0
DA:40,0
DA:41,0
DA:43,0
DA:45,0
DA:49,1
DA:51,1
DA:52,1
DA:56,1
DA:58,1
DA:59,1
DA:60,1
DA:61,1
DA:62,2
DA:63,2
DA:64,2
DA:68,1
DA:69,1
DA:70,1
DA:71,2
DA:72,0
DA:73,0
DA:78,1
DA:79,1
DA:80,2
DA:81,1
DA:91,0
DA:92,0
DA:93,0
DA:95,0
DA:96,0
DA:97,0
DA:98,0
DA:107,0
DA:109,0
DA:110,0
DA:111,0
DA:112,0
DA:121,0
DA:123,0
DA:125,0
DA:126,0
DA:128,0
LF:56
LH:29
end_of_record
SF:lib\pages\create_page.dart
DA:13,0
DA:15,0
DA:16,0
DA:26,0
DA:27,0
DA:28,0
DA:29,0
DA:30,0
DA:32,0
DA:33,0
DA:34,0
DA:39,0
DA:41,0
DA:42,0
DA:43,0
DA:45,0
DA:47,0
DA:48,0
DA:51,0
DA:52,0
DA:53,0
DA:54,0
DA:55,0
DA:56,0
DA:57,0
DA:61,0
DA:62,0
DA:63,0
DA:64,0
DA:65,0
DA:66,0
DA:70,0
DA:71,0
DA:72,0
DA:73,0
DA:74,0
DA:75,0
DA:79,0
DA:80,0
DA:87,0
DA:89,0
DA:91,0
DA:93,0
DA:95,0
DA:97,0
LF:45
LH:0
end_of_record
